2025-10-22 02:19:46 Project name: Todo-List-Dockerized-Flask-WebApp  Sanitized name: todo-list-dockerized-flask-webapp
2025-10-22 02:19:46 Start deploy: project=Todo-List-Dockerized-Flask-WebApp host=ubuntu@34.229.12.77 branch=main
2025-10-22 02:19:46 Cloning repository...
Cloning into '/tmp/Todo-List-Dockerized-Flask-WebApp_20251022_021818'...
2025-10-22 02:19:57 Deploy type: dockerfile
2025-10-22 02:19:57 Testing SSH connectivity...
remote_ok
2025-10-22 02:20:00 SSH OK
2025-10-22 02:20:00 Preparing remote environment (install docker & nginx if needed)...
Hit:1 http://us-east-1.ec2.archive.ubuntu.com/ubuntu jammy InRelease
Hit:2 http://us-east-1.ec2.archive.ubuntu.com/ubuntu jammy-updates InRelease
Hit:3 http://us-east-1.ec2.archive.ubuntu.com/ubuntu jammy-backports InRelease
Hit:4 http://security.ubuntu.com/ubuntu jammy-security InRelease
Reading package lists...
Reading package lists...
Building dependency tree...
Reading state information...
lsb-release is already the newest version (11.1.0ubuntu4).
ca-certificates is already the newest version (20240203~22.04.1).
curl is already the newest version (7.81.0-1ubuntu1.21).
gnupg is already the newest version (2.2.27-3ubuntu2.4).
apt-transport-https is already the newest version (2.4.14).
0 upgraded, 0 newly installed, 0 to remove and 31 not upgraded.
Synchronizing state of nginx.service with SysV service script with /lib/systemd/systemd-sysv-install.
Executing: /lib/systemd/systemd-sysv-install enable nginx
Docker version 28.2.2, build 28.2.2-0ubuntu1~22.04.1
docker: unknown command: docker compose

Run 'docker --help' for more information
nginx version: nginx/1.18.0 (Ubuntu)
2025-10-22 02:20:07 Remote prepared
2025-10-22 02:20:07 Syncing project to remote (~/deploy_Todo-List-Dockerized-Flask-WebApp)...
2025-10-22 02:20:11 Running remote deploy...
bash: -c: line 4: syntax error near unexpected token `then'
2025-10-22 02:20:14 ERROR: Remote deploy failed
2025-10-22 02:20:14 - Exited with 50
